<?xml version="1.0" encoding="UTF-8"?>
<testsuite xmlns:xsi="http://www.w3.org/2001/XMLSchema-instance" xsi:noNamespaceSchemaLocation="https://maven.apache.org/surefire/maven-surefire-plugin/xsd/surefire-test-report.xsd" version="3.0.2" name="com.gestion.usuario.GestionUsuarioApplicationTests" time="2.84" tests="1" errors="0" skipped="0" failures="0">
  <properties>
[...]
</properties>
  <testcase name="contextLoads" classname="com.gestion.usuario.GestionUsuarioApplicationTests" time="0.005">
    <system-out><![CDATA[2025-06-15T22:38:25.536-04:00  INFO 15828 --- [GestionUsuario] [           main] t.c.s.AnnotationConfigContextLoaderUtils : Could not detect default configuration classes for test class [com.gestion.usuario.GestionUsuarioApplicationTests]: GestionUsuarioApplicationTests does not declare any static, non-private, non-final, nested classes annotated with @Configuration.
2025-06-15T22:38:25.544-04:00  INFO 15828 --- [GestionUsuario] [           main] .b.t.c.SpringBootTestContextBootstrapper : Found @SpringBootConfiguration com.gestion.usuario.GestionUsuarioApplication for test class com.gestion.usuario.GestionUsuarioApplicationTests

  .   ____          _            __ _ _
 /\\ / ___'_ __ _ _(_)_ __  __ _ \ \ \ \
( ( )\___ | '_ | '_| | '_ \/ _` | \ \ \ \
 \\/  ___)| |_)| | | | | || (_| |  ) ) ) )
  '  |____| .__|_| |_|_| |_\__, | / / / /
 =========|_|==============|___/=/_/_/_/

 :: Spring Boot ::                (v3.5.0)

2025-06-15T22:38:25.587-04:00  INFO 15828 --- [GestionUsuario] [           main] c.g.u.GestionUsuarioApplicationTests     : Starting GestionUsuarioApplicationTests using Java 21.0.7 with PID 15828 (started by macac in C:\Users\macac\Downloads\Perfulandia-main\Perfulandia-main\usuario)
2025-06-15T22:38:25.588-04:00  INFO 15828 --- [GestionUsuario] [           main] c.g.u.GestionUsuarioApplicationTests     : No active profile set, falling back to 1 default profile: "default"
2025-06-15T22:38:25.892-04:00  INFO 15828 --- [GestionUsuario] [           main] .s.d.r.c.RepositoryConfigurationDelegate : Bootstrapping Spring Data JPA repositories in DEFAULT mode.
2025-06-15T22:38:25.946-04:00  INFO 15828 --- [GestionUsuario] [           main] .s.d.r.c.RepositoryConfigurationDelegate : Finished Spring Data repository scanning in 43 ms. Found 2 JPA repository interfaces.
2025-06-15T22:38:26.242-04:00  INFO 15828 --- [GestionUsuario] [           main] o.hibernate.jpa.internal.util.LogHelper  : HHH000204: Processing PersistenceUnitInfo [name: default]
2025-06-15T22:38:26.299-04:00  INFO 15828 --- [GestionUsuario] [           main] org.hibernate.Version                    : HHH000412: Hibernate ORM core version 6.6.15.Final
2025-06-15T22:38:26.338-04:00  INFO 15828 --- [GestionUsuario] [           main] o.h.c.internal.RegionFactoryInitiator    : HHH000026: Second-level cache disabled
2025-06-15T22:38:26.475-04:00  INFO 15828 --- [GestionUsuario] [           main] o.s.o.j.p.SpringPersistenceUnitInfo      : No LoadTimeWeaver setup: ignoring JPA class transformer
2025-06-15T22:38:26.500-04:00  INFO 15828 --- [GestionUsuario] [           main] com.zaxxer.hikari.HikariDataSource       : HikariPool-1 - Starting...
2025-06-15T22:38:26.861-04:00  INFO 15828 --- [GestionUsuario] [           main] com.zaxxer.hikari.pool.HikariPool        : HikariPool-1 - Added connection com.mysql.cj.jdbc.ConnectionImpl@6af02de0
2025-06-15T22:38:26.865-04:00  INFO 15828 --- [GestionUsuario] [           main] com.zaxxer.hikari.HikariDataSource       : HikariPool-1 - Start completed.
2025-06-15T22:38:26.911-04:00  WARN 15828 --- [GestionUsuario] [           main] org.hibernate.orm.deprecation            : HHH90000025: MySQL8Dialect does not need to be specified explicitly using 'hibernate.dialect' (remove the property setting and it will be selected by default)
2025-06-15T22:38:26.912-04:00  WARN 15828 --- [GestionUsuario] [           main] org.hibernate.orm.deprecation            : HHH90000026: MySQL8Dialect has been deprecated; use org.hibernate.dialect.MySQLDialect instead
2025-06-15T22:38:26.930-04:00  INFO 15828 --- [GestionUsuario] [           main] org.hibernate.orm.connections.pooling    : HHH10001005: Database info:
	Database JDBC URL [Connecting through datasource 'HikariDataSource (HikariPool-1)']
	Database driver: undefined/unknown
	Database version: 8.0
	Autocommit mode: undefined/unknown
	Isolation level: undefined/unknown
	Minimum pool size: undefined/unknown
	Maximum pool size: undefined/unknown
2025-06-15T22:38:27.611-04:00  INFO 15828 --- [GestionUsuario] [           main] o.h.e.t.j.p.i.JtaPlatformInitiator       : HHH000489: No JTA platform available (set 'hibernate.transaction.jta.platform' to enable JTA platform integration)
2025-06-15T22:38:27.686-04:00  INFO 15828 --- [GestionUsuario] [           main] j.LocalContainerEntityManagerFactoryBean : Initialized JPA EntityManagerFactory for persistence unit 'default'
2025-06-15T22:38:27.944-04:00  WARN 15828 --- [GestionUsuario] [           main] JpaBaseConfiguration$JpaWebConfiguration : spring.jpa.open-in-view is enabled by default. Therefore, database queries may be performed during view rendering. Explicitly configure spring.jpa.open-in-view to disable this warning
2025-06-15T22:38:28.007-04:00  INFO 15828 --- [GestionUsuario] [           main] r$InitializeUserDetailsManagerConfigurer : Global AuthenticationManager configured with UserDetailsService bean with name userDetailsService
2025-06-15T22:38:28.214-04:00  INFO 15828 --- [GestionUsuario] [           main] c.g.u.GestionUsuarioApplicationTests     : Started GestionUsuarioApplicationTests in 2.664 seconds (process running for 6.96)
Hibernate: select r1_0.rol_id,r1_0.nombre_rol from roles r1_0 where r1_0.nombre_rol=?
Hibernate: select r1_0.rol_id,r1_0.nombre_rol from roles r1_0 where r1_0.nombre_rol=?
Hibernate: select r1_0.rol_id,r1_0.nombre_rol from roles r1_0 where r1_0.nombre_rol=?
Hibernate: select r1_0.rol_id,r1_0.nombre_rol from roles r1_0 where r1_0.nombre_rol=?
Hibernate: select u1_0.usuario_id,u1_0.correo,u1_0.nickname,u1_0.password,u1_0.rol_id from usuarios u1_0 where u1_0.nickname=?
Hibernate: select r1_0.rol_id,r1_0.nombre_rol from roles r1_0 where r1_0.rol_id=?
Hibernate: select u1_0.usuario_id,u1_0.correo,u1_0.nickname,u1_0.password,u1_0.rol_id from usuarios u1_0 where u1_0.nickname=?
Hibernate: select r1_0.rol_id,r1_0.nombre_rol from roles r1_0 where r1_0.rol_id=?
Hibernate: select u1_0.usuario_id,u1_0.correo,u1_0.nickname,u1_0.password,u1_0.rol_id from usuarios u1_0 where u1_0.nickname=?
Hibernate: select r1_0.rol_id,r1_0.nombre_rol from roles r1_0 where r1_0.rol_id=?
Hibernate: select u1_0.usuario_id,u1_0.correo,u1_0.nickname,u1_0.password,u1_0.rol_id from usuarios u1_0 where u1_0.nickname=?
Hibernate: select r1_0.rol_id,r1_0.nombre_rol from roles r1_0 where r1_0.rol_id=?
]]></system-out>
  </testcase>
</testsuite>